  RespondCodec.cpp
f:\yan_2\cpp\securetrans\project\securetrans\securetrans\respondmsg.pb.h(3): warning C4005: “PROTOBUF_USE_DLLS”: 宏重定义
  f:\yan_2\cpp\securetrans\project\securetrans\securetrans\respondcodec.cpp: note: 参见“PROTOBUF_USE_DLLS”的前一个定义
f:\yan_2\cpp\securetrans\protobuf\include\google\protobuf\stubs\logging.h(102): warning C4251: “google::protobuf::internal::LogMessage::message_”: class“std::basic_string<char,std::char_traits<char>,std::allocator<char>>”需要有 dll 接口由 class“google::protobuf::internal::LogMessage”的客户端使用
  f:\vs2017\enterprise\vc\tools\msvc\14.16.27023\include\xstring(4373): note: 参见“std::basic_string<char,std::char_traits<char>,std::allocator<char>>”的声明
f:\yan_2\cpp\securetrans\protobuf\include\google\protobuf\io\coded_stream.h(1250): warning C4251: “google::protobuf::io::CodedOutputStream::default_serialization_deterministic_”: struct“std::atomic<bool>”需要有 dll 接口由 class“google::protobuf::io::CodedOutputStream”的客户端使用
  f:\vs2017\enterprise\vc\tools\msvc\14.16.27023\include\xxatomic(162): note: 参见“std::atomic<bool>”的声明
f:\yan_2\cpp\securetrans\protobuf\include\google\protobuf\arena_impl.h(289): warning C4251: “google::protobuf::internal::ArenaImpl::lifecycle_id_generator_”: struct“std::atomic<__int64>”需要有 dll 接口由 class“google::protobuf::internal::ArenaImpl”的客户端使用
  f:\vs2017\enterprise\vc\tools\msvc\14.16.27023\include\xxatomic(162): note: 参见“std::atomic<__int64>”的声明
f:\yan_2\cpp\securetrans\protobuf\include\google\protobuf\arena_impl.h(323): warning C4251: “google::protobuf::internal::ArenaImpl::threads_”: struct“std::atomic<google::protobuf::internal::ArenaImpl::SerialArena *>”需要有 dll 接口由 class“google::protobuf::internal::ArenaImpl”的客户端使用
  f:\yan_2\cpp\securetrans\protobuf\include\google\protobuf\arena_impl.h(322): note: 参见“std::atomic<google::protobuf::internal::ArenaImpl::SerialArena *>”的声明
f:\yan_2\cpp\securetrans\protobuf\include\google\protobuf\arena_impl.h(324): warning C4251: “google::protobuf::internal::ArenaImpl::hint_”: struct“std::atomic<google::protobuf::internal::ArenaImpl::SerialArena *>”需要有 dll 接口由 class“google::protobuf::internal::ArenaImpl”的客户端使用
  f:\yan_2\cpp\securetrans\protobuf\include\google\protobuf\arena_impl.h(322): note: 参见“std::atomic<google::protobuf::internal::ArenaImpl::SerialArena *>”的声明
f:\yan_2\cpp\securetrans\protobuf\include\google\protobuf\arena_impl.h(325): warning C4251: “google::protobuf::internal::ArenaImpl::space_allocated_”: struct“std::atomic<unsigned int>”需要有 dll 接口由 class“google::protobuf::internal::ArenaImpl”的客户端使用
  f:\vs2017\enterprise\vc\tools\msvc\14.16.27023\include\xxatomic(162): note: 参见“std::atomic<unsigned int>”的声明
f:\yan_2\cpp\securetrans\protobuf\include\google\protobuf\arena_impl.h(362): warning C4251: “google::protobuf::internal::ArenaImpl::options_”: struct“google::protobuf::internal::ArenaImpl::Options”需要有 dll 接口由 class“google::protobuf::internal::ArenaImpl”的客户端使用
  f:\yan_2\cpp\securetrans\protobuf\include\google\protobuf\arena_impl.h(68): note: 参见“google::protobuf::internal::ArenaImpl::Options”的声明
f:\yan_2\cpp\securetrans\protobuf\include\google\protobuf\metadata_lite.h(239): warning C4251: “google::protobuf::internal::LiteUnknownFieldSetter::buffer_”: class“std::basic_string<char,std::char_traits<char>,std::allocator<char>>”需要有 dll 接口由 class“google::protobuf::internal::LiteUnknownFieldSetter”的客户端使用
  f:\vs2017\enterprise\vc\tools\msvc\14.16.27023\include\xstring(4373): note: 参见“std::basic_string<char,std::char_traits<char>,std::allocator<char>>”的声明
f:\yan_2\cpp\securetrans\protobuf\include\google\protobuf\message_lite.h(455): warning C4251: “google::protobuf::MessageLite::_internal_metadata_”: class“google::protobuf::internal::InternalMetadata”需要有 dll 接口由 class“google::protobuf::MessageLite”的客户端使用
  f:\yan_2\cpp\securetrans\protobuf\include\google\protobuf\metadata_lite.h(59): note: 参见“google::protobuf::internal::InternalMetadata”的声明
f:\yan_2\cpp\securetrans\protobuf\include\google\protobuf\implicit_weak_message.h(94): warning C4251: “google::protobuf::internal::ImplicitWeakMessage::data_”: class“std::basic_string<char,std::char_traits<char>,std::allocator<char>>”需要有 dll 接口由 class“google::protobuf::internal::ImplicitWeakMessage”的客户端使用
  f:\vs2017\enterprise\vc\tools\msvc\14.16.27023\include\xstring(4373): note: 参见“std::basic_string<char,std::char_traits<char>,std::allocator<char>>”的声明
f:\yan_2\cpp\securetrans\protobuf\include\google\protobuf\generated_message_util.h(182): warning C4251: “google::protobuf::internal::CachedSize::size_”: struct“std::atomic<int>”需要有 dll 接口由 class“google::protobuf::internal::CachedSize”的客户端使用
  f:\vs2017\enterprise\vc\tools\msvc\14.16.27023\include\xxatomic(162): note: 参见“std::atomic<int>”的声明
f:\yan_2\cpp\securetrans\protobuf\include\google\protobuf\inlined_string_field.h(159): warning C4251: “google::protobuf::internal::InlinedStringField::value_”: class“std::basic_string<char,std::char_traits<char>,std::allocator<char>>”需要有 dll 接口由 class“google::protobuf::internal::InlinedStringField”的客户端使用
  f:\vs2017\enterprise\vc\tools\msvc\14.16.27023\include\xstring(4373): note: 参见“std::basic_string<char,std::char_traits<char>,std::allocator<char>>”的声明
f:\yan_2\cpp\securetrans\protobuf\include\google\protobuf\stubs\mutex.h(107): warning C4251: “google::protobuf::internal::WrappedMutex::mu_”: class“std::mutex”需要有 dll 接口由 class“google::protobuf::internal::WrappedMutex”的客户端使用
  f:\vs2017\enterprise\vc\tools\msvc\14.16.27023\include\mutex(82): note: 参见“std::mutex”的声明
f:\yan_2\cpp\securetrans\protobuf\include\google\protobuf\descriptor.h(1955): warning C4251: “google::protobuf::DescriptorPool::tables_”: class“std::unique_ptr<google::protobuf::DescriptorPool::Tables,std::default_delete<_Ty>>”需要有 dll 接口由 class“google::protobuf::DescriptorPool”的客户端使用
          with
          [
              _Ty=google::protobuf::DescriptorPool::Tables
          ]
  f:\yan_2\cpp\securetrans\protobuf\include\google\protobuf\descriptor.h(1955): note: 参见“std::unique_ptr<google::protobuf::DescriptorPool::Tables,std::default_delete<_Ty>>”的声明
          with
          [
              _Ty=google::protobuf::DescriptorPool::Tables
          ]
f:\yan_2\cpp\securetrans\protobuf\include\google\protobuf\descriptor.h(1965): warning C4251: “google::protobuf::DescriptorPool::unused_import_track_files_”: class“std::map<std::string,bool,std::less<_Kty>,std::allocator<std::pair<const _Kty,_Ty>>>”需要有 dll 接口由 class“google::protobuf::DescriptorPool”的客户端使用
          with
          [
              _Kty=std::string,
              _Ty=bool
          ]
  f:\yan_2\cpp\securetrans\protobuf\include\google\protobuf\descriptor.h(1965): note: 参见“std::map<std::string,bool,std::less<_Kty>,std::allocator<std::pair<const _Kty,_Ty>>>”的声明
          with
          [
              _Kty=std::string,
              _Ty=bool
          ]
f:\yan_2\cpp\securetrans\protobuf\include\google\protobuf\io\zero_copy_stream_impl_lite.h(243): warning C4251: “google::protobuf::io::CopyingInputStreamAdaptor::buffer_”: class“std::unique_ptr<google::protobuf::uint8 [],std::default_delete<_Ty>>”需要有 dll 接口由 class“google::protobuf::io::CopyingInputStreamAdaptor”的客户端使用
          with
          [
              _Ty=google::protobuf::uint8 []
          ]
  f:\yan_2\cpp\securetrans\protobuf\include\google\protobuf\io\zero_copy_stream_impl_lite.h(243): note: 参见“std::unique_ptr<google::protobuf::uint8 [],std::default_delete<_Ty>>”的声明
          with
          [
              _Ty=google::protobuf::uint8 []
          ]
f:\yan_2\cpp\securetrans\protobuf\include\google\protobuf\io\zero_copy_stream_impl_lite.h(332): warning C4251: “google::protobuf::io::CopyingOutputStreamAdaptor::buffer_”: class“std::unique_ptr<google::protobuf::uint8 [],std::default_delete<_Ty>>”需要有 dll 接口由 class“google::protobuf::io::CopyingOutputStreamAdaptor”的客户端使用
          with
          [
              _Ty=google::protobuf::uint8 []
          ]
  f:\yan_2\cpp\securetrans\protobuf\include\google\protobuf\io\zero_copy_stream_impl_lite.h(243): note: 参见“std::unique_ptr<google::protobuf::uint8 [],std::default_delete<_Ty>>”的声明
          with
          [
              _Ty=google::protobuf::uint8 []
          ]
f:\yan_2\cpp\securetrans\protobuf\include\google\protobuf\unknown_field_set.h(206): warning C4251: “google::protobuf::UnknownFieldSet::fields_”: class“std::vector<google::protobuf::UnknownField,std::allocator<_Ty>>”需要有 dll 接口由 class“google::protobuf::UnknownFieldSet”的客户端使用
          with
          [
              _Ty=google::protobuf::UnknownField
          ]
  f:\yan_2\cpp\securetrans\protobuf\include\google\protobuf\unknown_field_set.h(206): note: 参见“std::vector<google::protobuf::UnknownField,std::allocator<_Ty>>”的声明
          with
          [
              _Ty=google::protobuf::UnknownField
          ]
  RespondMsg.pb.cc
f:\yan_2\cpp\securetrans\project\securetrans\securetrans\respondmsg.pb.h(3): warning C4005: “PROTOBUF_USE_DLLS”: 宏重定义
  f:\yan_2\cpp\securetrans\project\securetrans\securetrans\respondmsg.pb.cc: note: 参见“PROTOBUF_USE_DLLS”的前一个定义
f:\yan_2\cpp\securetrans\protobuf\include\google\protobuf\stubs\logging.h(102): warning C4251: “google::protobuf::internal::LogMessage::message_”: class“std::basic_string<char,std::char_traits<char>,std::allocator<char>>”需要有 dll 接口由 class“google::protobuf::internal::LogMessage”的客户端使用
  f:\vs2017\enterprise\vc\tools\msvc\14.16.27023\include\xstring(4373): note: 参见“std::basic_string<char,std::char_traits<char>,std::allocator<char>>”的声明
f:\yan_2\cpp\securetrans\protobuf\include\google\protobuf\io\coded_stream.h(1250): warning C4251: “google::protobuf::io::CodedOutputStream::default_serialization_deterministic_”: struct“std::atomic<bool>”需要有 dll 接口由 class“google::protobuf::io::CodedOutputStream”的客户端使用
  f:\vs2017\enterprise\vc\tools\msvc\14.16.27023\include\xxatomic(162): note: 参见“std::atomic<bool>”的声明
f:\yan_2\cpp\securetrans\protobuf\include\google\protobuf\arena_impl.h(289): warning C4251: “google::protobuf::internal::ArenaImpl::lifecycle_id_generator_”: struct“std::atomic<__int64>”需要有 dll 接口由 class“google::protobuf::internal::ArenaImpl”的客户端使用
  f:\vs2017\enterprise\vc\tools\msvc\14.16.27023\include\xxatomic(162): note: 参见“std::atomic<__int64>”的声明
f:\yan_2\cpp\securetrans\protobuf\include\google\protobuf\arena_impl.h(323): warning C4251: “google::protobuf::internal::ArenaImpl::threads_”: struct“std::atomic<google::protobuf::internal::ArenaImpl::SerialArena *>”需要有 dll 接口由 class“google::protobuf::internal::ArenaImpl”的客户端使用
  f:\yan_2\cpp\securetrans\protobuf\include\google\protobuf\arena_impl.h(322): note: 参见“std::atomic<google::protobuf::internal::ArenaImpl::SerialArena *>”的声明
f:\yan_2\cpp\securetrans\protobuf\include\google\protobuf\arena_impl.h(324): warning C4251: “google::protobuf::internal::ArenaImpl::hint_”: struct“std::atomic<google::protobuf::internal::ArenaImpl::SerialArena *>”需要有 dll 接口由 class“google::protobuf::internal::ArenaImpl”的客户端使用
  f:\yan_2\cpp\securetrans\protobuf\include\google\protobuf\arena_impl.h(322): note: 参见“std::atomic<google::protobuf::internal::ArenaImpl::SerialArena *>”的声明
f:\yan_2\cpp\securetrans\protobuf\include\google\protobuf\arena_impl.h(325): warning C4251: “google::protobuf::internal::ArenaImpl::space_allocated_”: struct“std::atomic<unsigned int>”需要有 dll 接口由 class“google::protobuf::internal::ArenaImpl”的客户端使用
  f:\vs2017\enterprise\vc\tools\msvc\14.16.27023\include\xxatomic(162): note: 参见“std::atomic<unsigned int>”的声明
f:\yan_2\cpp\securetrans\protobuf\include\google\protobuf\arena_impl.h(362): warning C4251: “google::protobuf::internal::ArenaImpl::options_”: struct“google::protobuf::internal::ArenaImpl::Options”需要有 dll 接口由 class“google::protobuf::internal::ArenaImpl”的客户端使用
  f:\yan_2\cpp\securetrans\protobuf\include\google\protobuf\arena_impl.h(68): note: 参见“google::protobuf::internal::ArenaImpl::Options”的声明
f:\yan_2\cpp\securetrans\protobuf\include\google\protobuf\metadata_lite.h(239): warning C4251: “google::protobuf::internal::LiteUnknownFieldSetter::buffer_”: class“std::basic_string<char,std::char_traits<char>,std::allocator<char>>”需要有 dll 接口由 class“google::protobuf::internal::LiteUnknownFieldSetter”的客户端使用
  f:\vs2017\enterprise\vc\tools\msvc\14.16.27023\include\xstring(4373): note: 参见“std::basic_string<char,std::char_traits<char>,std::allocator<char>>”的声明
f:\yan_2\cpp\securetrans\protobuf\include\google\protobuf\message_lite.h(455): warning C4251: “google::protobuf::MessageLite::_internal_metadata_”: class“google::protobuf::internal::InternalMetadata”需要有 dll 接口由 class“google::protobuf::MessageLite”的客户端使用
  f:\yan_2\cpp\securetrans\protobuf\include\google\protobuf\metadata_lite.h(59): note: 参见“google::protobuf::internal::InternalMetadata”的声明
f:\yan_2\cpp\securetrans\protobuf\include\google\protobuf\implicit_weak_message.h(94): warning C4251: “google::protobuf::internal::ImplicitWeakMessage::data_”: class“std::basic_string<char,std::char_traits<char>,std::allocator<char>>”需要有 dll 接口由 class“google::protobuf::internal::ImplicitWeakMessage”的客户端使用
  f:\vs2017\enterprise\vc\tools\msvc\14.16.27023\include\xstring(4373): note: 参见“std::basic_string<char,std::char_traits<char>,std::allocator<char>>”的声明
f:\yan_2\cpp\securetrans\protobuf\include\google\protobuf\generated_message_util.h(182): warning C4251: “google::protobuf::internal::CachedSize::size_”: struct“std::atomic<int>”需要有 dll 接口由 class“google::protobuf::internal::CachedSize”的客户端使用
  f:\vs2017\enterprise\vc\tools\msvc\14.16.27023\include\xxatomic(162): note: 参见“std::atomic<int>”的声明
f:\yan_2\cpp\securetrans\protobuf\include\google\protobuf\inlined_string_field.h(159): warning C4251: “google::protobuf::internal::InlinedStringField::value_”: class“std::basic_string<char,std::char_traits<char>,std::allocator<char>>”需要有 dll 接口由 class“google::protobuf::internal::InlinedStringField”的客户端使用
  f:\vs2017\enterprise\vc\tools\msvc\14.16.27023\include\xstring(4373): note: 参见“std::basic_string<char,std::char_traits<char>,std::allocator<char>>”的声明
f:\yan_2\cpp\securetrans\protobuf\include\google\protobuf\stubs\mutex.h(107): warning C4251: “google::protobuf::internal::WrappedMutex::mu_”: class“std::mutex”需要有 dll 接口由 class“google::protobuf::internal::WrappedMutex”的客户端使用
  f:\vs2017\enterprise\vc\tools\msvc\14.16.27023\include\mutex(82): note: 参见“std::mutex”的声明
f:\yan_2\cpp\securetrans\protobuf\include\google\protobuf\descriptor.h(1955): warning C4251: “google::protobuf::DescriptorPool::tables_”: class“std::unique_ptr<google::protobuf::DescriptorPool::Tables,std::default_delete<_Ty>>”需要有 dll 接口由 class“google::protobuf::DescriptorPool”的客户端使用
          with
          [
              _Ty=google::protobuf::DescriptorPool::Tables
          ]
  f:\yan_2\cpp\securetrans\protobuf\include\google\protobuf\descriptor.h(1955): note: 参见“std::unique_ptr<google::protobuf::DescriptorPool::Tables,std::default_delete<_Ty>>”的声明
          with
          [
              _Ty=google::protobuf::DescriptorPool::Tables
          ]
f:\yan_2\cpp\securetrans\protobuf\include\google\protobuf\descriptor.h(1965): warning C4251: “google::protobuf::DescriptorPool::unused_import_track_files_”: class“std::map<std::string,bool,std::less<_Kty>,std::allocator<std::pair<const _Kty,_Ty>>>”需要有 dll 接口由 class“google::protobuf::DescriptorPool”的客户端使用
          with
          [
              _Kty=std::string,
              _Ty=bool
          ]
  f:\yan_2\cpp\securetrans\protobuf\include\google\protobuf\descriptor.h(1965): note: 参见“std::map<std::string,bool,std::less<_Kty>,std::allocator<std::pair<const _Kty,_Ty>>>”的声明
          with
          [
              _Kty=std::string,
              _Ty=bool
          ]
f:\yan_2\cpp\securetrans\protobuf\include\google\protobuf\io\zero_copy_stream_impl_lite.h(243): warning C4251: “google::protobuf::io::CopyingInputStreamAdaptor::buffer_”: class“std::unique_ptr<google::protobuf::uint8 [],std::default_delete<_Ty>>”需要有 dll 接口由 class“google::protobuf::io::CopyingInputStreamAdaptor”的客户端使用
          with
          [
              _Ty=google::protobuf::uint8 []
          ]
  f:\yan_2\cpp\securetrans\protobuf\include\google\protobuf\io\zero_copy_stream_impl_lite.h(243): note: 参见“std::unique_ptr<google::protobuf::uint8 [],std::default_delete<_Ty>>”的声明
          with
          [
              _Ty=google::protobuf::uint8 []
          ]
f:\yan_2\cpp\securetrans\protobuf\include\google\protobuf\io\zero_copy_stream_impl_lite.h(332): warning C4251: “google::protobuf::io::CopyingOutputStreamAdaptor::buffer_”: class“std::unique_ptr<google::protobuf::uint8 [],std::default_delete<_Ty>>”需要有 dll 接口由 class“google::protobuf::io::CopyingOutputStreamAdaptor”的客户端使用
          with
          [
              _Ty=google::protobuf::uint8 []
          ]
  f:\yan_2\cpp\securetrans\protobuf\include\google\protobuf\io\zero_copy_stream_impl_lite.h(243): note: 参见“std::unique_ptr<google::protobuf::uint8 [],std::default_delete<_Ty>>”的声明
          with
          [
              _Ty=google::protobuf::uint8 []
          ]
f:\yan_2\cpp\securetrans\protobuf\include\google\protobuf\unknown_field_set.h(206): warning C4251: “google::protobuf::UnknownFieldSet::fields_”: class“std::vector<google::protobuf::UnknownField,std::allocator<_Ty>>”需要有 dll 接口由 class“google::protobuf::UnknownFieldSet”的客户端使用
          with
          [
              _Ty=google::protobuf::UnknownField
          ]
  f:\yan_2\cpp\securetrans\protobuf\include\google\protobuf\unknown_field_set.h(206): note: 参见“std::vector<google::protobuf::UnknownField,std::allocator<_Ty>>”的声明
          with
          [
              _Ty=google::protobuf::UnknownField
          ]
f:\yan_2\cpp\securetrans\project\securetrans\securetrans\respondmsg.pb.cc(190): warning C4244: “=”: 从“google::protobuf::uint64”转换到“google::protobuf::int32”，可能丢失数据
  secureTrans.cpp
f:\yan_2\cpp\securetrans\project\securetrans\securetrans\requestmsg.pb.h(3): warning C4005: “PROTOBUF_USE_DLLS”: 宏重定义
  f:\yan_2\cpp\securetrans\project\securetrans\securetrans\securetrans.cpp: note: 参见“PROTOBUF_USE_DLLS”的前一个定义
f:\yan_2\cpp\securetrans\protobuf\include\google\protobuf\stubs\logging.h(102): warning C4251: “google::protobuf::internal::LogMessage::message_”: class“std::basic_string<char,std::char_traits<char>,std::allocator<char>>”需要有 dll 接口由 class“google::protobuf::internal::LogMessage”的客户端使用
  f:\vs2017\enterprise\vc\tools\msvc\14.16.27023\include\xstring(4373): note: 参见“std::basic_string<char,std::char_traits<char>,std::allocator<char>>”的声明
f:\yan_2\cpp\securetrans\protobuf\include\google\protobuf\io\coded_stream.h(1250): warning C4251: “google::protobuf::io::CodedOutputStream::default_serialization_deterministic_”: struct“std::atomic<bool>”需要有 dll 接口由 class“google::protobuf::io::CodedOutputStream”的客户端使用
  f:\vs2017\enterprise\vc\tools\msvc\14.16.27023\include\xxatomic(162): note: 参见“std::atomic<bool>”的声明
f:\yan_2\cpp\securetrans\protobuf\include\google\protobuf\arena_impl.h(289): warning C4251: “google::protobuf::internal::ArenaImpl::lifecycle_id_generator_”: struct“std::atomic<__int64>”需要有 dll 接口由 class“google::protobuf::internal::ArenaImpl”的客户端使用
  f:\vs2017\enterprise\vc\tools\msvc\14.16.27023\include\xxatomic(162): note: 参见“std::atomic<__int64>”的声明
f:\yan_2\cpp\securetrans\protobuf\include\google\protobuf\arena_impl.h(323): warning C4251: “google::protobuf::internal::ArenaImpl::threads_”: struct“std::atomic<google::protobuf::internal::ArenaImpl::SerialArena *>”需要有 dll 接口由 class“google::protobuf::internal::ArenaImpl”的客户端使用
  f:\yan_2\cpp\securetrans\protobuf\include\google\protobuf\arena_impl.h(322): note: 参见“std::atomic<google::protobuf::internal::ArenaImpl::SerialArena *>”的声明
f:\yan_2\cpp\securetrans\protobuf\include\google\protobuf\arena_impl.h(324): warning C4251: “google::protobuf::internal::ArenaImpl::hint_”: struct“std::atomic<google::protobuf::internal::ArenaImpl::SerialArena *>”需要有 dll 接口由 class“google::protobuf::internal::ArenaImpl”的客户端使用
  f:\yan_2\cpp\securetrans\protobuf\include\google\protobuf\arena_impl.h(322): note: 参见“std::atomic<google::protobuf::internal::ArenaImpl::SerialArena *>”的声明
f:\yan_2\cpp\securetrans\protobuf\include\google\protobuf\arena_impl.h(325): warning C4251: “google::protobuf::internal::ArenaImpl::space_allocated_”: struct“std::atomic<unsigned int>”需要有 dll 接口由 class“google::protobuf::internal::ArenaImpl”的客户端使用
  f:\vs2017\enterprise\vc\tools\msvc\14.16.27023\include\xxatomic(162): note: 参见“std::atomic<unsigned int>”的声明
f:\yan_2\cpp\securetrans\protobuf\include\google\protobuf\arena_impl.h(362): warning C4251: “google::protobuf::internal::ArenaImpl::options_”: struct“google::protobuf::internal::ArenaImpl::Options”需要有 dll 接口由 class“google::protobuf::internal::ArenaImpl”的客户端使用
  f:\yan_2\cpp\securetrans\protobuf\include\google\protobuf\arena_impl.h(68): note: 参见“google::protobuf::internal::ArenaImpl::Options”的声明
f:\yan_2\cpp\securetrans\protobuf\include\google\protobuf\metadata_lite.h(239): warning C4251: “google::protobuf::internal::LiteUnknownFieldSetter::buffer_”: class“std::basic_string<char,std::char_traits<char>,std::allocator<char>>”需要有 dll 接口由 class“google::protobuf::internal::LiteUnknownFieldSetter”的客户端使用
  f:\vs2017\enterprise\vc\tools\msvc\14.16.27023\include\xstring(4373): note: 参见“std::basic_string<char,std::char_traits<char>,std::allocator<char>>”的声明
f:\yan_2\cpp\securetrans\protobuf\include\google\protobuf\message_lite.h(455): warning C4251: “google::protobuf::MessageLite::_internal_metadata_”: class“google::protobuf::internal::InternalMetadata”需要有 dll 接口由 class“google::protobuf::MessageLite”的客户端使用
  f:\yan_2\cpp\securetrans\protobuf\include\google\protobuf\metadata_lite.h(59): note: 参见“google::protobuf::internal::InternalMetadata”的声明
f:\yan_2\cpp\securetrans\protobuf\include\google\protobuf\implicit_weak_message.h(94): warning C4251: “google::protobuf::internal::ImplicitWeakMessage::data_”: class“std::basic_string<char,std::char_traits<char>,std::allocator<char>>”需要有 dll 接口由 class“google::protobuf::internal::ImplicitWeakMessage”的客户端使用
  f:\vs2017\enterprise\vc\tools\msvc\14.16.27023\include\xstring(4373): note: 参见“std::basic_string<char,std::char_traits<char>,std::allocator<char>>”的声明
f:\yan_2\cpp\securetrans\protobuf\include\google\protobuf\generated_message_util.h(182): warning C4251: “google::protobuf::internal::CachedSize::size_”: struct“std::atomic<int>”需要有 dll 接口由 class“google::protobuf::internal::CachedSize”的客户端使用
  f:\vs2017\enterprise\vc\tools\msvc\14.16.27023\include\xxatomic(162): note: 参见“std::atomic<int>”的声明
f:\yan_2\cpp\securetrans\protobuf\include\google\protobuf\inlined_string_field.h(159): warning C4251: “google::protobuf::internal::InlinedStringField::value_”: class“std::basic_string<char,std::char_traits<char>,std::allocator<char>>”需要有 dll 接口由 class“google::protobuf::internal::InlinedStringField”的客户端使用
  f:\vs2017\enterprise\vc\tools\msvc\14.16.27023\include\xstring(4373): note: 参见“std::basic_string<char,std::char_traits<char>,std::allocator<char>>”的声明
f:\yan_2\cpp\securetrans\protobuf\include\google\protobuf\stubs\mutex.h(107): warning C4251: “google::protobuf::internal::WrappedMutex::mu_”: class“std::mutex”需要有 dll 接口由 class“google::protobuf::internal::WrappedMutex”的客户端使用
  f:\vs2017\enterprise\vc\tools\msvc\14.16.27023\include\mutex(82): note: 参见“std::mutex”的声明
f:\yan_2\cpp\securetrans\protobuf\include\google\protobuf\descriptor.h(1955): warning C4251: “google::protobuf::DescriptorPool::tables_”: class“std::unique_ptr<google::protobuf::DescriptorPool::Tables,std::default_delete<_Ty>>”需要有 dll 接口由 class“google::protobuf::DescriptorPool”的客户端使用
          with
          [
              _Ty=google::protobuf::DescriptorPool::Tables
          ]
  f:\yan_2\cpp\securetrans\protobuf\include\google\protobuf\descriptor.h(1955): note: 参见“std::unique_ptr<google::protobuf::DescriptorPool::Tables,std::default_delete<_Ty>>”的声明
          with
          [
              _Ty=google::protobuf::DescriptorPool::Tables
          ]
f:\yan_2\cpp\securetrans\protobuf\include\google\protobuf\descriptor.h(1965): warning C4251: “google::protobuf::DescriptorPool::unused_import_track_files_”: class“std::map<std::string,bool,std::less<_Kty>,std::allocator<std::pair<const _Kty,_Ty>>>”需要有 dll 接口由 class“google::protobuf::DescriptorPool”的客户端使用
          with
          [
              _Kty=std::string,
              _Ty=bool
          ]
  f:\yan_2\cpp\securetrans\protobuf\include\google\protobuf\descriptor.h(1965): note: 参见“std::map<std::string,bool,std::less<_Kty>,std::allocator<std::pair<const _Kty,_Ty>>>”的声明
          with
          [
              _Kty=std::string,
              _Ty=bool
          ]
f:\yan_2\cpp\securetrans\protobuf\include\google\protobuf\io\zero_copy_stream_impl_lite.h(243): warning C4251: “google::protobuf::io::CopyingInputStreamAdaptor::buffer_”: class“std::unique_ptr<google::protobuf::uint8 [],std::default_delete<_Ty>>”需要有 dll 接口由 class“google::protobuf::io::CopyingInputStreamAdaptor”的客户端使用
          with
          [
              _Ty=google::protobuf::uint8 []
          ]
  f:\yan_2\cpp\securetrans\protobuf\include\google\protobuf\io\zero_copy_stream_impl_lite.h(243): note: 参见“std::unique_ptr<google::protobuf::uint8 [],std::default_delete<_Ty>>”的声明
          with
          [
              _Ty=google::protobuf::uint8 []
          ]
f:\yan_2\cpp\securetrans\protobuf\include\google\protobuf\io\zero_copy_stream_impl_lite.h(332): warning C4251: “google::protobuf::io::CopyingOutputStreamAdaptor::buffer_”: class“std::unique_ptr<google::protobuf::uint8 [],std::default_delete<_Ty>>”需要有 dll 接口由 class“google::protobuf::io::CopyingOutputStreamAdaptor”的客户端使用
          with
          [
              _Ty=google::protobuf::uint8 []
          ]
  f:\yan_2\cpp\securetrans\protobuf\include\google\protobuf\io\zero_copy_stream_impl_lite.h(243): note: 参见“std::unique_ptr<google::protobuf::uint8 [],std::default_delete<_Ty>>”的声明
          with
          [
              _Ty=google::protobuf::uint8 []
          ]
f:\yan_2\cpp\securetrans\protobuf\include\google\protobuf\unknown_field_set.h(206): warning C4251: “google::protobuf::UnknownFieldSet::fields_”: class“std::vector<google::protobuf::UnknownField,std::allocator<_Ty>>”需要有 dll 接口由 class“google::protobuf::UnknownFieldSet”的客户端使用
          with
          [
              _Ty=google::protobuf::UnknownField
          ]
  f:\yan_2\cpp\securetrans\protobuf\include\google\protobuf\unknown_field_set.h(206): note: 参见“std::vector<google::protobuf::UnknownField,std::allocator<_Ty>>”的声明
          with
          [
              _Ty=google::protobuf::UnknownField
          ]
  正在生成代码...
  secureTrans.vcxproj -> F:\Yan_2\Cpp\secureTrans\project\secureTrans\Debug\secureTrans.exe
